<?xml version="1.0" encoding="UTF-8"?>
<testsuite name="se1app.applicationcore.customercomponent.ReservationRepositoryTest" tests="2" skipped="0" failures="0" errors="0" timestamp="2017-12-12T15:16:50" hostname="User-PC" time="0.078">
  <properties/>
  <testcase name="testFindReservationsByMovie" classname="se1app.applicationcore.customercomponent.ReservationRepositoryTest" time="0.047"/>
  <testcase name="testFindReservationsByCustomer" classname="se1app.applicationcore.customercomponent.ReservationRepositoryTest" time="0.031"/>
  <system-out><![CDATA[16:16:50.404 [Test worker] DEBUG org.springframework.test.context.junit4.SpringJUnit4ClassRunner - SpringJUnit4ClassRunner constructor called with [class se1app.applicationcore.customercomponent.ReservationRepositoryTest]
16:16:50.404 [Test worker] DEBUG org.springframework.test.context.BootstrapUtils - Instantiating CacheAwareContextLoaderDelegate from class [org.springframework.test.context.cache.DefaultCacheAwareContextLoaderDelegate]
16:16:50.404 [Test worker] DEBUG org.springframework.test.context.BootstrapUtils - Instantiating BootstrapContext using constructor [public org.springframework.test.context.support.DefaultBootstrapContext(java.lang.Class,org.springframework.test.context.CacheAwareContextLoaderDelegate)]
16:16:50.404 [Test worker] DEBUG org.springframework.test.context.BootstrapUtils - Instantiating TestContextBootstrapper for test class [se1app.applicationcore.customercomponent.ReservationRepositoryTest] from class [org.springframework.test.context.support.DefaultTestContextBootstrapper]
16:16:50.420 [Test worker] DEBUG org.springframework.test.context.support.AbstractDelegatingSmartContextLoader - Delegating to AnnotationConfigContextLoader to process context configuration [ContextConfigurationAttributes@6bc5d8bd declaringClass = 'se1app.applicationcore.customercomponent.ReservationRepositoryTest', classes = '{class se1app.applicationcore.Application}', locations = '{}', inheritLocations = true, initializers = '{}', inheritInitializers = true, name = [null], contextLoaderClass = 'org.springframework.test.context.ContextLoader'].
16:16:50.420 [Test worker] DEBUG org.springframework.test.context.support.DefaultTestContextBootstrapper - @TestExecutionListeners is not present for class [se1app.applicationcore.customercomponent.ReservationRepositoryTest]: using defaults.
16:16:50.420 [Test worker] INFO org.springframework.test.context.support.DefaultTestContextBootstrapper - Loaded default TestExecutionListener class names from location [META-INF/spring.factories]: [org.springframework.boot.test.mock.mockito.MockitoTestExecutionListener, org.springframework.boot.test.mock.mockito.ResetMocksTestExecutionListener, org.springframework.boot.test.autoconfigure.restdocs.RestDocsTestExecutionListener, org.springframework.boot.test.autoconfigure.web.client.MockRestServiceServerResetTestExecutionListener, org.springframework.boot.test.autoconfigure.web.servlet.MockMvcPrintOnlyOnFailureTestExecutionListener, org.springframework.boot.test.autoconfigure.web.servlet.WebDriverTestExecutionListener, org.springframework.test.context.web.ServletTestExecutionListener, org.springframework.test.context.support.DirtiesContextBeforeModesTestExecutionListener, org.springframework.test.context.support.DependencyInjectionTestExecutionListener, org.springframework.test.context.support.DirtiesContextTestExecutionListener, org.springframework.test.context.transaction.TransactionalTestExecutionListener, org.springframework.test.context.jdbc.SqlScriptsTestExecutionListener]
16:16:50.420 [Test worker] INFO org.springframework.test.context.support.DefaultTestContextBootstrapper - Using TestExecutionListeners: [org.springframework.test.context.web.ServletTestExecutionListener@4ae0464d, org.springframework.test.context.support.DirtiesContextBeforeModesTestExecutionListener@645d14fc, org.springframework.test.context.support.DependencyInjectionTestExecutionListener@5fdddd53, org.springframework.test.context.support.DirtiesContextTestExecutionListener@1eff1cd7, org.springframework.test.context.transaction.TransactionalTestExecutionListener@5665e36b, org.springframework.test.context.jdbc.SqlScriptsTestExecutionListener@5a93e7af, org.springframework.boot.test.autoconfigure.web.servlet.MockMvcPrintOnlyOnFailureTestExecutionListener@6b159eeb, org.springframework.boot.test.autoconfigure.restdocs.RestDocsTestExecutionListener@dea3efa, org.springframework.boot.test.mock.mockito.MockitoTestExecutionListener@74edfa97, org.springframework.boot.test.mock.mockito.ResetMocksTestExecutionListener@3186c53a, org.springframework.boot.test.autoconfigure.web.client.MockRestServiceServerResetTestExecutionListener@7623f727, org.springframework.boot.test.autoconfigure.web.servlet.WebDriverTestExecutionListener@2a621af7]
16:16:50.420 [Test worker] DEBUG org.springframework.test.annotation.ProfileValueUtils - Retrieved @ProfileValueSourceConfiguration [null] for test class [se1app.applicationcore.customercomponent.ReservationRepositoryTest]
16:16:50.420 [Test worker] DEBUG org.springframework.test.annotation.ProfileValueUtils - Retrieved ProfileValueSource type [class org.springframework.test.annotation.SystemProfileValueSource] for class [se1app.applicationcore.customercomponent.ReservationRepositoryTest]
16:16:50.420 [Test worker] DEBUG org.springframework.test.annotation.ProfileValueUtils - Retrieved @ProfileValueSourceConfiguration [null] for test class [se1app.applicationcore.customercomponent.ReservationRepositoryTest]
16:16:50.420 [Test worker] DEBUG org.springframework.test.annotation.ProfileValueUtils - Retrieved ProfileValueSource type [class org.springframework.test.annotation.SystemProfileValueSource] for class [se1app.applicationcore.customercomponent.ReservationRepositoryTest]
16:16:50.420 [Test worker] DEBUG org.springframework.test.context.support.AbstractDirtiesContextTestExecutionListener - Before test class: context [DefaultTestContext@3140746e testClass = ReservationRepositoryTest, testInstance = [null], testMethod = [null], testException = [null], mergedContextConfiguration = [MergedContextConfiguration@3668d869 testClass = ReservationRepositoryTest, locations = '{}', classes = '{class se1app.applicationcore.Application}', contextInitializerClasses = '[]', activeProfiles = '{test}', propertySourceLocations = '{}', propertySourceProperties = '{}', contextCustomizers = set[org.springframework.boot.test.context.filter.ExcludeFilterContextCustomizer@7025e8d4, org.springframework.boot.test.json.DuplicateJsonObjectContextCustomizerFactory$DuplicateJsonObjectContextCustomizer@108f7ba3, org.springframework.boot.test.mock.mockito.MockitoContextCustomizer@0, org.springframework.boot.test.autoconfigure.properties.PropertyMappingContextCustomizer@0, org.springframework.boot.test.autoconfigure.web.servlet.WebDriverContextCustomizerFactory$Customizer@7978f217], contextLoader = 'org.springframework.test.context.support.DelegatingSmartContextLoader', parent = [null]]], class annotated with @DirtiesContext [false] with mode [null].
16:16:50.420 [Test worker] DEBUG org.springframework.test.annotation.ProfileValueUtils - Retrieved @ProfileValueSourceConfiguration [null] for test class [se1app.applicationcore.customercomponent.ReservationRepositoryTest]
16:16:50.420 [Test worker] DEBUG org.springframework.test.annotation.ProfileValueUtils - Retrieved ProfileValueSource type [class org.springframework.test.annotation.SystemProfileValueSource] for class [se1app.applicationcore.customercomponent.ReservationRepositoryTest]
16:16:50.420 [Test worker] DEBUG org.springframework.test.context.support.DependencyInjectionTestExecutionListener - Performing dependency injection for test context [[DefaultTestContext@3140746e testClass = ReservationRepositoryTest, testInstance = se1app.applicationcore.customercomponent.ReservationRepositoryTest@5f1b8b4c, testMethod = [null], testException = [null], mergedContextConfiguration = [MergedContextConfiguration@3668d869 testClass = ReservationRepositoryTest, locations = '{}', classes = '{class se1app.applicationcore.Application}', contextInitializerClasses = '[]', activeProfiles = '{test}', propertySourceLocations = '{}', propertySourceProperties = '{}', contextCustomizers = set[org.springframework.boot.test.context.filter.ExcludeFilterContextCustomizer@7025e8d4, org.springframework.boot.test.json.DuplicateJsonObjectContextCustomizerFactory$DuplicateJsonObjectContextCustomizer@108f7ba3, org.springframework.boot.test.mock.mockito.MockitoContextCustomizer@0, org.springframework.boot.test.autoconfigure.properties.PropertyMappingContextCustomizer@0, org.springframework.boot.test.autoconfigure.web.servlet.WebDriverContextCustomizerFactory$Customizer@7978f217], contextLoader = 'org.springframework.test.context.support.DelegatingSmartContextLoader', parent = [null]]]].
16:16:50.420 [Test worker] DEBUG org.springframework.test.context.cache.DefaultCacheAwareContextLoaderDelegate - Retrieved ApplicationContext from cache with key [[MergedContextConfiguration@3668d869 testClass = ReservationRepositoryTest, locations = '{}', classes = '{class se1app.applicationcore.Application}', contextInitializerClasses = '[]', activeProfiles = '{test}', propertySourceLocations = '{}', propertySourceProperties = '{}', contextCustomizers = set[org.springframework.boot.test.context.filter.ExcludeFilterContextCustomizer@7025e8d4, org.springframework.boot.test.json.DuplicateJsonObjectContextCustomizerFactory$DuplicateJsonObjectContextCustomizer@108f7ba3, org.springframework.boot.test.mock.mockito.MockitoContextCustomizer@0, org.springframework.boot.test.autoconfigure.properties.PropertyMappingContextCustomizer@0, org.springframework.boot.test.autoconfigure.web.servlet.WebDriverContextCustomizerFactory$Customizer@7978f217], contextLoader = 'org.springframework.test.context.support.DelegatingSmartContextLoader', parent = [null]]]
16:16:50.420 [Test worker] DEBUG org.springframework.test.context.cache - Spring test ApplicationContext cache statistics: [DefaultContextCache@51ac02c size = 2, maxSize = 32, parentContextCount = 0, hitCount = 77, missCount = 2]
16:16:50.420 [Test worker] DEBUG org.springframework.beans.factory.annotation.InjectionMetadata - Processing injected element of bean 'se1app.applicationcore.customercomponent.ReservationRepositoryTest': AutowiredFieldElement for private se1app.applicationcore.customercomponent.ReservationRepository se1app.applicationcore.customercomponent.ReservationRepositoryTest.reservationRepository
16:16:50.420 [Test worker] DEBUG org.springframework.beans.factory.support.DefaultListableBeanFactory - Returning cached instance of singleton bean 'reservationRepository'
16:16:50.420 [Test worker] DEBUG org.springframework.beans.factory.support.DefaultListableBeanFactory - Returning cached instance of singleton bean 'org.springframework.transaction.config.internalTransactionAdvisor'
16:16:50.420 [Test worker] DEBUG org.springframework.beans.factory.support.DefaultListableBeanFactory - Returning cached instance of singleton bean 'org.springframework.transaction.config.internalTransactionAdvisor'
16:16:50.436 [Test worker] DEBUG org.springframework.beans.factory.annotation.AutowiredAnnotationBeanPostProcessor - Autowiring by type from bean name 'se1app.applicationcore.customercomponent.ReservationRepositoryTest' to bean named 'reservationRepository'
16:16:50.436 [Test worker] DEBUG org.springframework.beans.factory.annotation.InjectionMetadata - Processing injected element of bean 'se1app.applicationcore.customercomponent.ReservationRepositoryTest': AutowiredFieldElement for private se1app.applicationcore.customercomponent.CustomerRepository se1app.applicationcore.customercomponent.ReservationRepositoryTest.customerRepository
16:16:50.436 [Test worker] DEBUG org.springframework.beans.factory.support.DefaultListableBeanFactory - Returning cached instance of singleton bean 'customerRepository'
16:16:50.436 [Test worker] DEBUG org.springframework.beans.factory.annotation.AutowiredAnnotationBeanPostProcessor - Autowiring by type from bean name 'se1app.applicationcore.customercomponent.ReservationRepositoryTest' to bean named 'customerRepository'
16:16:50.436 [Test worker] DEBUG org.springframework.beans.factory.support.DefaultListableBeanFactory - Returning cached instance of singleton bean 'org.springframework.transaction.config.internalTransactionAdvisor'
16:16:50.436 [Test worker] DEBUG org.springframework.beans.factory.support.DefaultListableBeanFactory - Returning cached instance of singleton bean 'org.springframework.transaction.config.internalTransactionAdvisor'
16:16:50.436 [Test worker] DEBUG org.springframework.transaction.annotation.AnnotationTransactionAttributeSource - Adding transactional method 'se1app.applicationcore.customercomponent.ReservationRepositoryTest.setup' with attribute: PROPAGATION_REQUIRED,ISOLATION_DEFAULT; ''
16:16:50.436 [Test worker] DEBUG org.springframework.aop.aspectj.annotation.AnnotationAwareAspectJAutoProxyCreator - Creating implicit proxy for bean 'se1app.applicationcore.customercomponent.ReservationRepositoryTest' with 0 common interceptors and 1 specific interceptors
16:16:50.436 [Test worker] DEBUG org.springframework.aop.framework.CglibAopProxy - Creating CGLIB proxy: target source is SingletonTargetSource for target object [se1app.applicationcore.customercomponent.ReservationRepositoryTest@5f1b8b4c]
16:16:50.436 [Test worker] DEBUG org.springframework.aop.framework.CglibAopProxy - Unable to apply any optimizations to advised method: public void se1app.applicationcore.customercomponent.ReservationRepositoryTest.setup()
16:16:50.436 [Test worker] DEBUG org.springframework.transaction.annotation.AnnotationTransactionAttributeSource - Adding transactional method 'se1app.applicationcore.customercomponent.ReservationRepositoryTest.testFindReservationsByMovie' with attribute: PROPAGATION_REQUIRED,ISOLATION_DEFAULT; ''
16:16:50.436 [Test worker] DEBUG org.springframework.aop.framework.CglibAopProxy - Unable to apply any optimizations to advised method: public void se1app.applicationcore.customercomponent.ReservationRepositoryTest.testFindReservationsByMovie()
16:16:50.436 [Test worker] DEBUG org.springframework.transaction.annotation.AnnotationTransactionAttributeSource - Adding transactional method 'se1app.applicationcore.customercomponent.ReservationRepositoryTest.testFindReservationsByCustomer' with attribute: PROPAGATION_REQUIRED,ISOLATION_DEFAULT; ''
16:16:50.436 [Test worker] DEBUG org.springframework.aop.framework.CglibAopProxy - Unable to apply any optimizations to advised method: public void se1app.applicationcore.customercomponent.ReservationRepositoryTest.testFindReservationsByCustomer()
16:16:50.436 [Test worker] DEBUG org.springframework.aop.framework.CglibAopProxy - Found 'equals' method: public boolean java.lang.Object.equals(java.lang.Object)
16:16:50.436 [Test worker] DEBUG org.springframework.aop.framework.CglibAopProxy - Unable to apply any optimizations to advised method: public java.lang.String java.lang.Object.toString()
16:16:50.436 [Test worker] DEBUG org.springframework.aop.framework.CglibAopProxy - Found 'hashCode' method: public native int java.lang.Object.hashCode()
16:16:50.436 [Test worker] DEBUG org.springframework.aop.framework.CglibAopProxy - Unable to apply any optimizations to advised method: protected native java.lang.Object java.lang.Object.clone() throws java.lang.CloneNotSupportedException
16:16:50.436 [Test worker] DEBUG org.springframework.aop.framework.CglibAopProxy - Method is declared on Advised interface: public abstract int org.springframework.aop.framework.Advised.indexOf(org.springframework.aop.Advisor)
16:16:50.436 [Test worker] DEBUG org.springframework.aop.framework.CglibAopProxy - Method is declared on Advised interface: public abstract int org.springframework.aop.framework.Advised.indexOf(org.aopalliance.aop.Advice)
16:16:50.436 [Test worker] DEBUG org.springframework.aop.framework.CglibAopProxy - Method is declared on Advised interface: public abstract boolean org.springframework.aop.framework.Advised.isFrozen()
16:16:50.436 [Test worker] DEBUG org.springframework.aop.framework.CglibAopProxy - Method is declared on Advised interface: public abstract void org.springframework.aop.framework.Advised.addAdvisor(int,org.springframework.aop.Advisor) throws org.springframework.aop.framework.AopConfigException
16:16:50.436 [Test worker] DEBUG org.springframework.aop.framework.CglibAopProxy - Method is declared on Advised interface: public abstract void org.springframework.aop.framework.Advised.addAdvisor(org.springframework.aop.Advisor) throws org.springframework.aop.framework.AopConfigException
16:16:50.436 [Test worker] DEBUG org.springframework.aop.framework.CglibAopProxy - Method is declared on Advised interface: public abstract void org.springframework.aop.framework.Advised.setExposeProxy(boolean)
16:16:50.436 [Test worker] DEBUG org.springframework.aop.framework.CglibAopProxy - Method is declared on Advised interface: public abstract boolean org.springframework.aop.framework.Advised.isExposeProxy()
16:16:50.436 [Test worker] DEBUG org.springframework.aop.framework.CglibAopProxy - Method is declared on Advised interface: public abstract void org.springframework.aop.framework.Advised.setTargetSource(org.springframework.aop.TargetSource)
16:16:50.436 [Test worker] DEBUG org.springframework.aop.framework.CglibAopProxy - Method is declared on Advised interface: public abstract boolean org.springframework.aop.framework.Advised.isProxyTargetClass()
16:16:50.436 [Test worker] DEBUG org.springframework.aop.framework.CglibAopProxy - Method is declared on Advised interface: public abstract boolean org.springframework.aop.framework.Advised.isPreFiltered()
16:16:50.436 [Test worker] DEBUG org.springframework.aop.framework.CglibAopProxy - Method is declared on Advised interface: public abstract void org.springframework.aop.framework.Advised.removeAdvisor(int) throws org.springframework.aop.framework.AopConfigException
16:16:50.436 [Test worker] DEBUG org.springframework.aop.framework.CglibAopProxy - Method is declared on Advised interface: public abstract boolean org.springframework.aop.framework.Advised.removeAdvisor(org.springframework.aop.Advisor)
16:16:50.436 [Test worker] DEBUG org.springframework.aop.framework.CglibAopProxy - Method is declared on Advised interface: public abstract boolean org.springframework.aop.framework.Advised.replaceAdvisor(org.springframework.aop.Advisor,org.springframework.aop.Advisor) throws org.springframework.aop.framework.AopConfigException
16:16:50.436 [Test worker] DEBUG org.springframework.aop.framework.CglibAopProxy - Method is declared on Advised interface: public abstract boolean org.springframework.aop.framework.Advised.removeAdvice(org.aopalliance.aop.Advice)
16:16:50.436 [Test worker] DEBUG org.springframework.aop.framework.CglibAopProxy - Method is declared on Advised interface: public abstract java.lang.Class[] org.springframework.aop.framework.Advised.getProxiedInterfaces()
16:16:50.436 [Test worker] DEBUG org.springframework.aop.framework.CglibAopProxy - Method is declared on Advised interface: public abstract boolean org.springframework.aop.framework.Advised.isInterfaceProxied(java.lang.Class)
16:16:50.436 [Test worker] DEBUG org.springframework.aop.framework.CglibAopProxy - Method is declared on Advised interface: public abstract java.lang.String org.springframework.aop.framework.Advised.toProxyConfigString()
16:16:50.436 [Test worker] DEBUG org.springframework.aop.framework.CglibAopProxy - Method is declared on Advised interface: public abstract org.springframework.aop.TargetSource org.springframework.aop.framework.Advised.getTargetSource()
16:16:50.436 [Test worker] DEBUG org.springframework.aop.framework.CglibAopProxy - Method is declared on Advised interface: public abstract void org.springframework.aop.framework.Advised.setPreFiltered(boolean)
16:16:50.436 [Test worker] DEBUG org.springframework.aop.framework.CglibAopProxy - Method is declared on Advised interface: public abstract void org.springframework.aop.framework.Advised.addAdvice(int,org.aopalliance.aop.Advice) throws org.springframework.aop.framework.AopConfigException
16:16:50.436 [Test worker] DEBUG org.springframework.aop.framework.CglibAopProxy - Method is declared on Advised interface: public abstract void org.springframework.aop.framework.Advised.addAdvice(org.aopalliance.aop.Advice) throws org.springframework.aop.framework.AopConfigException
16:16:50.436 [Test worker] DEBUG org.springframework.aop.framework.CglibAopProxy - Method is declared on Advised interface: public abstract org.springframework.aop.Advisor[] org.springframework.aop.framework.Advised.getAdvisors()
16:16:50.436 [Test worker] DEBUG org.springframework.aop.framework.CglibAopProxy - Method is declared on Advised interface: public abstract java.lang.Class org.springframework.aop.TargetClassAware.getTargetClass()
16:16:50.451 [Test worker] DEBUG org.springframework.test.context.support.AbstractDirtiesContextTestExecutionListener - Before test method: context [DefaultTestContext@3140746e testClass = ReservationRepositoryTest, testInstance = se1app.applicationcore.customercomponent.ReservationRepositoryTest@5f1b8b4c, testMethod = testFindReservationsByMovie@ReservationRepositoryTest, testException = [null], mergedContextConfiguration = [MergedContextConfiguration@3668d869 testClass = ReservationRepositoryTest, locations = '{}', classes = '{class se1app.applicationcore.Application}', contextInitializerClasses = '[]', activeProfiles = '{test}', propertySourceLocations = '{}', propertySourceProperties = '{}', contextCustomizers = set[org.springframework.boot.test.context.filter.ExcludeFilterContextCustomizer@7025e8d4, org.springframework.boot.test.json.DuplicateJsonObjectContextCustomizerFactory$DuplicateJsonObjectContextCustomizer@108f7ba3, org.springframework.boot.test.mock.mockito.MockitoContextCustomizer@0, org.springframework.boot.test.autoconfigure.properties.PropertyMappingContextCustomizer@0, org.springframework.boot.test.autoconfigure.web.servlet.WebDriverContextCustomizerFactory$Customizer@7978f217], contextLoader = 'org.springframework.test.context.support.DelegatingSmartContextLoader', parent = [null]]], class annotated with @DirtiesContext [false] with mode [null], method annotated with @DirtiesContext [false] with mode [null].
16:16:50.451 [Test worker] DEBUG org.springframework.transaction.annotation.AnnotationTransactionAttributeSource - Adding transactional method 'se1app.applicationcore.customercomponent.ReservationRepositoryTest.testFindReservationsByMovie' with attribute: PROPAGATION_REQUIRED,ISOLATION_DEFAULT; ''
16:16:50.451 [Test worker] DEBUG org.springframework.test.context.transaction.TransactionalTestExecutionListener - Explicit transaction definition [PROPAGATION_REQUIRED,ISOLATION_DEFAULT; ''] found for test context [DefaultTestContext@3140746e testClass = ReservationRepositoryTest, testInstance = se1app.applicationcore.customercomponent.ReservationRepositoryTest@5f1b8b4c, testMethod = testFindReservationsByMovie@ReservationRepositoryTest, testException = [null], mergedContextConfiguration = [MergedContextConfiguration@3668d869 testClass = ReservationRepositoryTest, locations = '{}', classes = '{class se1app.applicationcore.Application}', contextInitializerClasses = '[]', activeProfiles = '{test}', propertySourceLocations = '{}', propertySourceProperties = '{}', contextCustomizers = set[org.springframework.boot.test.context.filter.ExcludeFilterContextCustomizer@7025e8d4, org.springframework.boot.test.json.DuplicateJsonObjectContextCustomizerFactory$DuplicateJsonObjectContextCustomizer@108f7ba3, org.springframework.boot.test.mock.mockito.MockitoContextCustomizer@0, org.springframework.boot.test.autoconfigure.properties.PropertyMappingContextCustomizer@0, org.springframework.boot.test.autoconfigure.web.servlet.WebDriverContextCustomizerFactory$Customizer@7978f217], contextLoader = 'org.springframework.test.context.support.DelegatingSmartContextLoader', parent = [null]]]
16:16:50.451 [Test worker] DEBUG org.springframework.test.context.transaction.TransactionalTestExecutionListener - Retrieved @TransactionConfiguration [null] for test class [se1app.applicationcore.customercomponent.ReservationRepositoryTest].
16:16:50.451 [Test worker] DEBUG org.springframework.test.context.transaction.TransactionalTestExecutionListener - Using TransactionConfigurationAttributes [TransactionConfigurationAttributes@721d107 transactionManagerName = '', defaultRollback = true] for test class [se1app.applicationcore.customercomponent.ReservationRepositoryTest].
16:16:50.451 [Test worker] DEBUG org.springframework.test.context.cache.DefaultCacheAwareContextLoaderDelegate - Retrieved ApplicationContext from cache with key [[MergedContextConfiguration@3668d869 testClass = ReservationRepositoryTest, locations = '{}', classes = '{class se1app.applicationcore.Application}', contextInitializerClasses = '[]', activeProfiles = '{test}', propertySourceLocations = '{}', propertySourceProperties = '{}', contextCustomizers = set[org.springframework.boot.test.context.filter.ExcludeFilterContextCustomizer@7025e8d4, org.springframework.boot.test.json.DuplicateJsonObjectContextCustomizerFactory$DuplicateJsonObjectContextCustomizer@108f7ba3, org.springframework.boot.test.mock.mockito.MockitoContextCustomizer@0, org.springframework.boot.test.autoconfigure.properties.PropertyMappingContextCustomizer@0, org.springframework.boot.test.autoconfigure.web.servlet.WebDriverContextCustomizerFactory$Customizer@7978f217], contextLoader = 'org.springframework.test.context.support.DelegatingSmartContextLoader', parent = [null]]]
16:16:50.451 [Test worker] DEBUG org.springframework.test.context.cache - Spring test ApplicationContext cache statistics: [DefaultContextCache@51ac02c size = 2, maxSize = 32, parentContextCount = 0, hitCount = 78, missCount = 2]
16:16:50.451 [Test worker] DEBUG org.springframework.beans.factory.support.DefaultListableBeanFactory - Returning cached instance of singleton bean 'transactionManager'
16:16:50.451 [Test worker] DEBUG org.springframework.test.context.transaction.TransactionalTestExecutionListener - No method-level @Rollback override: using default rollback [true] for test context [DefaultTestContext@3140746e testClass = ReservationRepositoryTest, testInstance = se1app.applicationcore.customercomponent.ReservationRepositoryTest@5f1b8b4c, testMethod = testFindReservationsByMovie@ReservationRepositoryTest, testException = [null], mergedContextConfiguration = [MergedContextConfiguration@3668d869 testClass = ReservationRepositoryTest, locations = '{}', classes = '{class se1app.applicationcore.Application}', contextInitializerClasses = '[]', activeProfiles = '{test}', propertySourceLocations = '{}', propertySourceProperties = '{}', contextCustomizers = set[org.springframework.boot.test.context.filter.ExcludeFilterContextCustomizer@7025e8d4, org.springframework.boot.test.json.DuplicateJsonObjectContextCustomizerFactory$DuplicateJsonObjectContextCustomizer@108f7ba3, org.springframework.boot.test.mock.mockito.MockitoContextCustomizer@0, org.springframework.boot.test.autoconfigure.properties.PropertyMappingContextCustomizer@0, org.springframework.boot.test.autoconfigure.web.servlet.WebDriverContextCustomizerFactory$Customizer@7978f217], contextLoader = 'org.springframework.test.context.support.DelegatingSmartContextLoader', parent = [null]]].
16:16:50.451 [Test worker] DEBUG org.springframework.orm.jpa.JpaTransactionManager - Creating new transaction with name [se1app.applicationcore.customercomponent.ReservationRepositoryTest.testFindReservationsByMovie]: PROPAGATION_REQUIRED,ISOLATION_DEFAULT; ''
16:16:50.451 [Test worker] DEBUG org.springframework.orm.jpa.JpaTransactionManager - Opened new EntityManager [org.hibernate.jpa.internal.EntityManagerImpl@5c649e44] for JPA transaction
16:16:50.451 [Test worker] DEBUG org.hibernate.engine.transaction.internal.TransactionImpl - begin
16:16:50.451 [Test worker] DEBUG org.springframework.orm.jpa.JpaTransactionManager - Exposing JPA transaction as JDBC transaction [org.springframework.orm.jpa.vendor.HibernateJpaDialect$HibernateConnectionHandle@2ac4ee73]
16:16:50.451 [Test worker] INFO org.springframework.test.context.transaction.TransactionContext - Began transaction (1) for test context [DefaultTestContext@3140746e testClass = ReservationRepositoryTest, testInstance = se1app.applicationcore.customercomponent.ReservationRepositoryTest@5f1b8b4c, testMethod = testFindReservationsByMovie@ReservationRepositoryTest, testException = [null], mergedContextConfiguration = [MergedContextConfiguration@3668d869 testClass = ReservationRepositoryTest, locations = '{}', classes = '{class se1app.applicationcore.Application}', contextInitializerClasses = '[]', activeProfiles = '{test}', propertySourceLocations = '{}', propertySourceProperties = '{}', contextCustomizers = set[org.springframework.boot.test.context.filter.ExcludeFilterContextCustomizer@7025e8d4, org.springframework.boot.test.json.DuplicateJsonObjectContextCustomizerFactory$DuplicateJsonObjectContextCustomizer@108f7ba3, org.springframework.boot.test.mock.mockito.MockitoContextCustomizer@0, org.springframework.boot.test.autoconfigure.properties.PropertyMappingContextCustomizer@0, org.springframework.boot.test.autoconfigure.web.servlet.WebDriverContextCustomizerFactory$Customizer@7978f217], contextLoader = 'org.springframework.test.context.support.DelegatingSmartContextLoader', parent = [null]]]; transaction manager [org.springframework.orm.jpa.JpaTransactionManager@45a9deb7]; rollback [true]
16:16:50.451 [Test worker] DEBUG org.springframework.test.context.cache.DefaultCacheAwareContextLoaderDelegate - Retrieved ApplicationContext from cache with key [[MergedContextConfiguration@3668d869 testClass = ReservationRepositoryTest, locations = '{}', classes = '{class se1app.applicationcore.Application}', contextInitializerClasses = '[]', activeProfiles = '{test}', propertySourceLocations = '{}', propertySourceProperties = '{}', contextCustomizers = set[org.springframework.boot.test.context.filter.ExcludeFilterContextCustomizer@7025e8d4, org.springframework.boot.test.json.DuplicateJsonObjectContextCustomizerFactory$DuplicateJsonObjectContextCustomizer@108f7ba3, org.springframework.boot.test.mock.mockito.MockitoContextCustomizer@0, org.springframework.boot.test.autoconfigure.properties.PropertyMappingContextCustomizer@0, org.springframework.boot.test.autoconfigure.web.servlet.WebDriverContextCustomizerFactory$Customizer@7978f217], contextLoader = 'org.springframework.test.context.support.DelegatingSmartContextLoader', parent = [null]]]
16:16:50.451 [Test worker] DEBUG org.springframework.test.context.cache - Spring test ApplicationContext cache statistics: [DefaultContextCache@51ac02c size = 2, maxSize = 32, parentContextCount = 0, hitCount = 79, missCount = 2]
16:16:50.451 [Test worker] DEBUG org.springframework.beans.factory.support.DefaultListableBeanFactory - Returning cached instance of singleton bean 'org.springframework.boot.test.mock.mockito.MockitoBeans'
16:16:50.451 [Test worker] DEBUG org.springframework.orm.jpa.JpaTransactionManager - Found thread-bound EntityManager [org.hibernate.jpa.internal.EntityManagerImpl@5c649e44] for JPA transaction
16:16:50.451 [Test worker] DEBUG org.springframework.orm.jpa.JpaTransactionManager - Participating in existing transaction
16:16:50.451 [Test worker] DEBUG org.hibernate.engine.spi.ActionQueue - Executing identity-insert immediately
16:16:50.451 [Test worker] DEBUG org.hibernate.SQL - insert into customer (id, email, name) values (null, ?, ?)
16:16:50.451 [Test worker] DEBUG org.hibernate.id.IdentifierGeneratorHelper - Natively generated identity: 12
16:16:50.451 [Test worker] DEBUG org.hibernate.resource.jdbc.internal.ResourceRegistryStandardImpl - HHH000387: ResultSet's statement was not registered
16:16:50.451 [Test worker] DEBUG org.hibernate.engine.spi.ActionQueue - Executing identity-insert immediately
16:16:50.451 [Test worker] DEBUG org.hibernate.SQL - insert into movie (id, number_of_reservations, title) values (null, ?, ?)
16:16:50.451 [Test worker] DEBUG org.hibernate.id.IdentifierGeneratorHelper - Natively generated identity: 12
16:16:50.451 [Test worker] DEBUG org.hibernate.resource.jdbc.internal.ResourceRegistryStandardImpl - HHH000387: ResultSet's statement was not registered
16:16:50.451 [Test worker] DEBUG org.hibernate.engine.spi.ActionQueue - Executing identity-insert immediately
16:16:50.451 [Test worker] DEBUG org.hibernate.SQL - insert into reservation (id, customer_id, movie_id) values (null, ?, ?)
16:16:50.451 [Test worker] DEBUG org.hibernate.id.IdentifierGeneratorHelper - Natively generated identity: 14
16:16:50.467 [Test worker] DEBUG org.hibernate.resource.jdbc.internal.ResourceRegistryStandardImpl - HHH000387: ResultSet's statement was not registered
16:16:50.467 [Test worker] DEBUG org.springframework.orm.jpa.JpaTransactionManager - Found thread-bound EntityManager [org.hibernate.jpa.internal.EntityManagerImpl@5c649e44] for JPA transaction
16:16:50.467 [Test worker] DEBUG org.springframework.orm.jpa.JpaTransactionManager - Participating in existing transaction
16:16:50.467 [Test worker] DEBUG org.hibernate.engine.spi.ActionQueue - Executing identity-insert immediately
16:16:50.467 [Test worker] DEBUG org.hibernate.SQL - insert into customer (id, email, name) values (null, ?, ?)
16:16:50.467 [Test worker] DEBUG org.hibernate.id.IdentifierGeneratorHelper - Natively generated identity: 13
16:16:50.467 [Test worker] DEBUG org.hibernate.resource.jdbc.internal.ResourceRegistryStandardImpl - HHH000387: ResultSet's statement was not registered
16:16:50.467 [Test worker] DEBUG org.hibernate.engine.spi.ActionQueue - Executing identity-insert immediately
16:16:50.467 [Test worker] DEBUG org.hibernate.SQL - insert into reservation (id, customer_id, movie_id) values (null, ?, ?)
16:16:50.467 [Test worker] DEBUG org.hibernate.id.IdentifierGeneratorHelper - Natively generated identity: 15
16:16:50.467 [Test worker] DEBUG org.hibernate.resource.jdbc.internal.ResourceRegistryStandardImpl - HHH000387: ResultSet's statement was not registered
16:16:50.467 [Test worker] DEBUG org.hibernate.jpa.criteria.CriteriaQueryImpl - Rendered criteria query -> select generatedAlias0 from Reservation as generatedAlias0 left join generatedAlias0.movie as generatedAlias1 where generatedAlias1=:param0
16:16:50.467 [Test worker] DEBUG org.hibernate.hql.internal.ast.QueryTranslatorImpl - parse() - HQL: select generatedAlias0 from se1app.applicationcore.customercomponent.Reservation as generatedAlias0 left join generatedAlias0.movie as generatedAlias1 where generatedAlias1=:param0
16:16:50.467 [Test worker] DEBUG org.hibernate.hql.internal.ast.QueryTranslatorImpl - --- HQL AST ---
 \-[QUERY] Node: 'query'
    +-[SELECT_FROM] Node: 'SELECT_FROM'
    |  +-[FROM] Node: 'from'
    |  |  +-[RANGE] Node: 'RANGE'
    |  |  |  +-[DOT] Node: '.'
    |  |  |  |  +-[DOT] Node: '.'
    |  |  |  |  |  +-[DOT] Node: '.'
    |  |  |  |  |  |  +-[IDENT] Node: 'se1app'
    |  |  |  |  |  |  \-[IDENT] Node: 'applicationcore'
    |  |  |  |  |  \-[IDENT] Node: 'customercomponent'
    |  |  |  |  \-[IDENT] Node: 'Reservation'
    |  |  |  \-[ALIAS] Node: 'generatedAlias0'
    |  |  \-[JOIN] Node: 'join'
    |  |     +-[LEFT] Node: 'left'
    |  |     +-[DOT] Node: '.'
    |  |     |  +-[IDENT] Node: 'generatedAlias0'
    |  |     |  \-[IDENT] Node: 'movie'
    |  |     \-[ALIAS] Node: 'generatedAlias1'
    |  \-[SELECT] Node: 'select'
    |     \-[IDENT] Node: 'generatedAlias0'
    \-[WHERE] Node: 'where'
       \-[EQ] Node: '='
          +-[IDENT] Node: 'generatedAlias1'
          \-[COLON] Node: ':'
             \-[IDENT] Node: 'param0'

16:16:50.467 [Test worker] DEBUG org.hibernate.hql.internal.ast.ErrorCounter - throwQueryException() : no errors
16:16:50.467 [Test worker] DEBUG org.hibernate.hql.internal.antlr.HqlSqlBaseWalker - select << begin [level=1, statement=select]
16:16:50.467 [Test worker] DEBUG org.hibernate.hql.internal.ast.tree.FromElement - FromClause{level=1} : se1app.applicationcore.customercomponent.Reservation (generatedAlias0) -> reservatio0_
16:16:50.467 [Test worker] DEBUG org.hibernate.hql.internal.ast.tree.FromReferenceNode - Resolved : generatedAlias0 -> reservatio0_.id
16:16:50.467 [Test worker] DEBUG org.hibernate.hql.internal.ast.tree.DotNode - getDataType() : movie -> org.hibernate.type.ManyToOneType(se1app.applicationcore.moviecomponent.Movie)
16:16:50.467 [Test worker] DEBUG org.hibernate.hql.internal.ast.tree.DotNode - dereferenceEntityJoin() : generating join for movie in se1app.applicationcore.customercomponent.Reservation (generatedAlias1) parent = [ {null} ]
16:16:50.467 [Test worker] DEBUG org.hibernate.hql.internal.ast.tree.FromElement - FromClause{level=1} : se1app.applicationcore.moviecomponent.Movie (generatedAlias1) -> movie1_
16:16:50.467 [Test worker] DEBUG org.hibernate.hql.internal.ast.tree.FromClause - addJoinByPathMap() : generatedAlias0.movie -> FromElement{explicit,not a collection join,not a fetch join,fetch non-lazy properties,classAlias=generatedAlias1,role=null,tableName=movie,tableAlias=movie1_,origin=reservation reservatio0_,columns={reservatio0_.movie_id ,className=se1app.applicationcore.moviecomponent.Movie}}
16:16:50.467 [Test worker] DEBUG org.hibernate.hql.internal.ast.tree.FromReferenceNode - Resolved : generatedAlias0.movie -> reservatio0_.movie_id
16:16:50.467 [Test worker] DEBUG org.hibernate.hql.internal.ast.HqlSqlWalker - createFromJoinElement() : -- join tree --
 \-[JOIN_FRAGMENT] FromElement: 'movie movie1_' FromElement{explicit,not a collection join,not a fetch join,fetch non-lazy properties,classAlias=generatedAlias1,role=se1app.applicationcore.customercomponent.Reservation.movie,tableName=movie,tableAlias=movie1_,origin=reservation reservatio0_,columns={reservatio0_.movie_id ,className=se1app.applicationcore.moviecomponent.Movie}}

16:16:50.467 [Test worker] DEBUG org.hibernate.hql.internal.ast.tree.FromReferenceNode - Resolved : generatedAlias0 -> reservatio0_.id
16:16:50.482 [Test worker] DEBUG org.hibernate.hql.internal.ast.tree.FromReferenceNode - Resolved : generatedAlias1 -> movie1_.id
16:16:50.482 [Test worker] DEBUG org.hibernate.hql.internal.antlr.HqlSqlBaseWalker - select : finishing up [level=1, statement=select]
16:16:50.482 [Test worker] DEBUG org.hibernate.hql.internal.ast.HqlSqlWalker - processQuery() :  ( SELECT ( {select clause} reservatio0_.id ) ( FromClause{level=1} ( reservation reservatio0_ movie movie1_ ) ) ( where ( = movie1_.id ? ) ) )
16:16:50.482 [Test worker] DEBUG org.hibernate.hql.internal.ast.util.JoinProcessor - Using FROM fragment [reservation reservatio0_]
16:16:50.482 [Test worker] DEBUG org.hibernate.hql.internal.ast.util.JoinProcessor - Using FROM fragment [left outer join movie movie1_ on reservatio0_.movie_id=movie1_.id]
16:16:50.482 [Test worker] DEBUG org.hibernate.hql.internal.antlr.HqlSqlBaseWalker - select >> end [level=1, statement=select]
16:16:50.482 [Test worker] DEBUG org.hibernate.hql.internal.ast.QueryTranslatorImpl - --- SQL AST ---
 \-[SELECT] QueryNode: 'SELECT'  querySpaces (movie,reservation)
    +-[SELECT_CLAUSE] SelectClause: '{select clause}'
    |  +-[ALIAS_REF] IdentNode: 'reservatio0_.id as id1_4_' {alias=generatedAlias0, className=se1app.applicationcore.customercomponent.Reservation, tableAlias=reservatio0_}
    |  \-[SQL_TOKEN] SqlFragment: 'reservatio0_.customer_id as customer2_4_, reservatio0_.movie_id as movie_id3_4_'
    +-[FROM] FromClause: 'from' FromClause{level=1, fromElementCounter=2, fromElements=2, fromElementByClassAlias=[generatedAlias0, generatedAlias1], fromElementByTableAlias=[reservatio0_, movie1_], fromElementsByPath=[generatedAlias0.movie], collectionJoinFromElementsByPath=[], impliedElements=[]}
    |  \-[FROM_FRAGMENT] FromElement: 'reservation reservatio0_' FromElement{explicit,not a collection join,not a fetch join,fetch non-lazy properties,classAlias=generatedAlias0,role=null,tableName=reservation,tableAlias=reservatio0_,origin=null,columns={,className=se1app.applicationcore.customercomponent.Reservation}}
    |     \-[JOIN_FRAGMENT] FromElement: 'left outer join movie movie1_ on reservatio0_.movie_id=movie1_.id' FromElement{explicit,not a collection join,not a fetch join,fetch non-lazy properties,classAlias=generatedAlias1,role=se1app.applicationcore.customercomponent.Reservation.movie,tableName=movie,tableAlias=movie1_,origin=reservation reservatio0_,columns={reservatio0_.movie_id ,className=se1app.applicationcore.moviecomponent.Movie}}
    \-[WHERE] SqlNode: 'where'
       \-[EQ] BinaryLogicOperatorNode: '='
          +-[ALIAS_REF] IdentNode: 'movie1_.id' {alias=generatedAlias1, className=se1app.applicationcore.moviecomponent.Movie, tableAlias=movie1_}
          \-[NAMED_PARAM] ParameterNode: '?' {name=param0, expectedType=org.hibernate.type.ManyToOneType(se1app.applicationcore.moviecomponent.Movie)}

16:16:50.482 [Test worker] DEBUG org.hibernate.hql.internal.ast.ErrorCounter - throwQueryException() : no errors
16:16:50.482 [Test worker] DEBUG org.hibernate.hql.internal.ast.QueryTranslatorImpl - HQL: select generatedAlias0 from se1app.applicationcore.customercomponent.Reservation as generatedAlias0 left join generatedAlias0.movie as generatedAlias1 where generatedAlias1=:param0
16:16:50.482 [Test worker] DEBUG org.hibernate.hql.internal.ast.QueryTranslatorImpl - SQL: select reservatio0_.id as id1_4_, reservatio0_.customer_id as customer2_4_, reservatio0_.movie_id as movie_id3_4_ from reservation reservatio0_ left outer join movie movie1_ on reservatio0_.movie_id=movie1_.id where movie1_.id=?
16:16:50.482 [Test worker] DEBUG org.hibernate.hql.internal.ast.ErrorCounter - throwQueryException() : no errors
16:16:50.482 [Test worker] DEBUG org.hibernate.event.internal.AbstractFlushingEventListener - Processing flush-time cascades
16:16:50.482 [Test worker] DEBUG org.hibernate.event.internal.AbstractFlushingEventListener - Dirty checking collections
16:16:50.482 [Test worker] DEBUG org.hibernate.engine.internal.Collections - Collection found: [se1app.applicationcore.customercomponent.Customer.reservations#12], was: [<unreferenced>] (initialized)
16:16:50.482 [Test worker] DEBUG org.hibernate.engine.internal.Collections - Collection found: [se1app.applicationcore.customercomponent.Customer.reservations#13], was: [<unreferenced>] (initialized)
16:16:50.482 [Test worker] DEBUG org.hibernate.event.internal.AbstractFlushingEventListener - Flushed: 0 insertions, 0 updates, 0 deletions to 5 objects
16:16:50.482 [Test worker] DEBUG org.hibernate.event.internal.AbstractFlushingEventListener - Flushed: 2 (re)creations, 0 updates, 0 removals to 2 collections
16:16:50.482 [Test worker] DEBUG org.hibernate.internal.util.EntityPrinter - Listing entities:
16:16:50.482 [Test worker] DEBUG org.hibernate.internal.util.EntityPrinter - se1app.applicationcore.customercomponent.Customer{reservations=[se1app.applicationcore.customercomponent.Reservation#14], name=Stefan, id=12, email=null}
16:16:50.482 [Test worker] DEBUG org.hibernate.internal.util.EntityPrinter - se1app.applicationcore.moviecomponent.Movie{numberOfReservations=0, id=12, title=Spectre}
16:16:50.482 [Test worker] DEBUG org.hibernate.internal.util.EntityPrinter - se1app.applicationcore.customercomponent.Customer{reservations=[se1app.applicationcore.customercomponent.Reservation#15], name=Ina, id=13, email=null}
16:16:50.482 [Test worker] DEBUG org.hibernate.internal.util.EntityPrinter - se1app.applicationcore.customercomponent.Reservation{movie=se1app.applicationcore.moviecomponent.Movie#12, id=14, customer=se1app.applicationcore.customercomponent.Customer#12}
16:16:50.482 [Test worker] DEBUG org.hibernate.internal.util.EntityPrinter - se1app.applicationcore.customercomponent.Reservation{movie=se1app.applicationcore.moviecomponent.Movie#12, id=15, customer=se1app.applicationcore.customercomponent.Customer#13}
16:16:50.482 [Test worker] DEBUG org.hibernate.engine.spi.ActionQueue - Changes must be flushed to space: reservation
16:16:50.482 [Test worker] DEBUG org.hibernate.persister.collection.AbstractCollectionPersister - Inserting collection: [se1app.applicationcore.customercomponent.Customer.reservations#12]
16:16:50.482 [Test worker] DEBUG org.hibernate.SQL - update reservation set customer_id=? where id=?
16:16:50.482 [Test worker] DEBUG org.hibernate.persister.collection.AbstractCollectionPersister - Done inserting collection: 1 rows inserted
16:16:50.482 [Test worker] DEBUG org.hibernate.persister.collection.AbstractCollectionPersister - Inserting collection: [se1app.applicationcore.customercomponent.Customer.reservations#13]
16:16:50.482 [Test worker] DEBUG org.hibernate.SQL - update reservation set customer_id=? where id=?
16:16:50.482 [Test worker] DEBUG org.hibernate.persister.collection.AbstractCollectionPersister - Done inserting collection: 1 rows inserted
16:16:50.482 [Test worker] DEBUG org.hibernate.SQL - select reservatio0_.id as id1_4_, reservatio0_.customer_id as customer2_4_, reservatio0_.movie_id as movie_id3_4_ from reservation reservatio0_ left outer join movie movie1_ on reservatio0_.movie_id=movie1_.id where movie1_.id=?
16:16:50.482 [Test worker] DEBUG org.hibernate.loader.Loader - Result set row: 0
16:16:50.482 [Test worker] DEBUG org.hibernate.loader.Loader - Result row: EntityKey[se1app.applicationcore.customercomponent.Reservation#14]
16:16:50.482 [Test worker] DEBUG org.hibernate.loader.Loader - Result set row: 1
16:16:50.482 [Test worker] DEBUG org.hibernate.loader.Loader - Result row: EntityKey[se1app.applicationcore.customercomponent.Reservation#15]
16:16:50.482 [Test worker] DEBUG org.springframework.test.context.cache.DefaultCacheAwareContextLoaderDelegate - Retrieved ApplicationContext from cache with key [[MergedContextConfiguration@3668d869 testClass = ReservationRepositoryTest, locations = '{}', classes = '{class se1app.applicationcore.Application}', contextInitializerClasses = '[]', activeProfiles = '{test}', propertySourceLocations = '{}', propertySourceProperties = '{}', contextCustomizers = set[org.springframework.boot.test.context.filter.ExcludeFilterContextCustomizer@7025e8d4, org.springframework.boot.test.json.DuplicateJsonObjectContextCustomizerFactory$DuplicateJsonObjectContextCustomizer@108f7ba3, org.springframework.boot.test.mock.mockito.MockitoContextCustomizer@0, org.springframework.boot.test.autoconfigure.properties.PropertyMappingContextCustomizer@0, org.springframework.boot.test.autoconfigure.web.servlet.WebDriverContextCustomizerFactory$Customizer@7978f217], contextLoader = 'org.springframework.test.context.support.DelegatingSmartContextLoader', parent = [null]]]
16:16:50.482 [Test worker] DEBUG org.springframework.test.context.cache - Spring test ApplicationContext cache statistics: [DefaultContextCache@51ac02c size = 2, maxSize = 32, parentContextCount = 0, hitCount = 80, missCount = 2]
16:16:50.482 [Test worker] DEBUG org.springframework.test.context.cache.DefaultCacheAwareContextLoaderDelegate - Retrieved ApplicationContext from cache with key [[MergedContextConfiguration@3668d869 testClass = ReservationRepositoryTest, locations = '{}', classes = '{class se1app.applicationcore.Application}', contextInitializerClasses = '[]', activeProfiles = '{test}', propertySourceLocations = '{}', propertySourceProperties = '{}', contextCustomizers = set[org.springframework.boot.test.context.filter.ExcludeFilterContextCustomizer@7025e8d4, org.springframework.boot.test.json.DuplicateJsonObjectContextCustomizerFactory$DuplicateJsonObjectContextCustomizer@108f7ba3, org.springframework.boot.test.mock.mockito.MockitoContextCustomizer@0, org.springframework.boot.test.autoconfigure.properties.PropertyMappingContextCustomizer@0, org.springframework.boot.test.autoconfigure.web.servlet.WebDriverContextCustomizerFactory$Customizer@7978f217], contextLoader = 'org.springframework.test.context.support.DelegatingSmartContextLoader', parent = [null]]]
16:16:50.482 [Test worker] DEBUG org.springframework.test.context.cache - Spring test ApplicationContext cache statistics: [DefaultContextCache@51ac02c size = 2, maxSize = 32, parentContextCount = 0, hitCount = 81, missCount = 2]
16:16:50.482 [Test worker] DEBUG org.springframework.test.context.cache.DefaultCacheAwareContextLoaderDelegate - Retrieved ApplicationContext from cache with key [[MergedContextConfiguration@3668d869 testClass = ReservationRepositoryTest, locations = '{}', classes = '{class se1app.applicationcore.Application}', contextInitializerClasses = '[]', activeProfiles = '{test}', propertySourceLocations = '{}', propertySourceProperties = '{}', contextCustomizers = set[org.springframework.boot.test.context.filter.ExcludeFilterContextCustomizer@7025e8d4, org.springframework.boot.test.json.DuplicateJsonObjectContextCustomizerFactory$DuplicateJsonObjectContextCustomizer@108f7ba3, org.springframework.boot.test.mock.mockito.MockitoContextCustomizer@0, org.springframework.boot.test.autoconfigure.properties.PropertyMappingContextCustomizer@0, org.springframework.boot.test.autoconfigure.web.servlet.WebDriverContextCustomizerFactory$Customizer@7978f217], contextLoader = 'org.springframework.test.context.support.DelegatingSmartContextLoader', parent = [null]]]
16:16:50.482 [Test worker] DEBUG org.springframework.test.context.cache - Spring test ApplicationContext cache statistics: [DefaultContextCache@51ac02c size = 2, maxSize = 32, parentContextCount = 0, hitCount = 82, missCount = 2]
16:16:50.482 [Test worker] DEBUG org.springframework.beans.factory.support.DefaultListableBeanFactory - Returning cached instance of singleton bean 'org.springframework.boot.test.mock.mockito.MockitoBeans'
16:16:50.482 [Test worker] DEBUG org.springframework.orm.jpa.JpaTransactionManager - Initiating transaction rollback
16:16:50.482 [Test worker] DEBUG org.springframework.orm.jpa.JpaTransactionManager - Rolling back JPA transaction on EntityManager [org.hibernate.jpa.internal.EntityManagerImpl@5c649e44]
16:16:50.482 [Test worker] DEBUG org.hibernate.engine.transaction.internal.TransactionImpl - rolling back
16:16:50.482 [Test worker] DEBUG org.springframework.orm.jpa.JpaTransactionManager - Closing JPA EntityManager [org.hibernate.jpa.internal.EntityManagerImpl@5c649e44] after transaction
16:16:50.482 [Test worker] DEBUG org.springframework.orm.jpa.EntityManagerFactoryUtils - Closing JPA EntityManager
16:16:50.482 [Test worker] DEBUG org.hibernate.engine.jdbc.internal.JdbcCoordinatorImpl - HHH000420: Closing un-released batch
16:16:50.498 [Test worker] INFO org.springframework.test.context.transaction.TransactionContext - Rolled back transaction for test context [DefaultTestContext@3140746e testClass = ReservationRepositoryTest, testInstance = se1app.applicationcore.customercomponent.ReservationRepositoryTest@5f1b8b4c, testMethod = testFindReservationsByMovie@ReservationRepositoryTest, testException = [null], mergedContextConfiguration = [MergedContextConfiguration@3668d869 testClass = ReservationRepositoryTest, locations = '{}', classes = '{class se1app.applicationcore.Application}', contextInitializerClasses = '[]', activeProfiles = '{test}', propertySourceLocations = '{}', propertySourceProperties = '{}', contextCustomizers = set[org.springframework.boot.test.context.filter.ExcludeFilterContextCustomizer@7025e8d4, org.springframework.boot.test.json.DuplicateJsonObjectContextCustomizerFactory$DuplicateJsonObjectContextCustomizer@108f7ba3, org.springframework.boot.test.mock.mockito.MockitoContextCustomizer@0, org.springframework.boot.test.autoconfigure.properties.PropertyMappingContextCustomizer@0, org.springframework.boot.test.autoconfigure.web.servlet.WebDriverContextCustomizerFactory$Customizer@7978f217], contextLoader = 'org.springframework.test.context.support.DelegatingSmartContextLoader', parent = [null]]].
16:16:50.498 [Test worker] DEBUG org.springframework.test.context.support.AbstractDirtiesContextTestExecutionListener - After test method: context [DefaultTestContext@3140746e testClass = ReservationRepositoryTest, testInstance = se1app.applicationcore.customercomponent.ReservationRepositoryTest@5f1b8b4c, testMethod = testFindReservationsByMovie@ReservationRepositoryTest, testException = [null], mergedContextConfiguration = [MergedContextConfiguration@3668d869 testClass = ReservationRepositoryTest, locations = '{}', classes = '{class se1app.applicationcore.Application}', contextInitializerClasses = '[]', activeProfiles = '{test}', propertySourceLocations = '{}', propertySourceProperties = '{}', contextCustomizers = set[org.springframework.boot.test.context.filter.ExcludeFilterContextCustomizer@7025e8d4, org.springframework.boot.test.json.DuplicateJsonObjectContextCustomizerFactory$DuplicateJsonObjectContextCustomizer@108f7ba3, org.springframework.boot.test.mock.mockito.MockitoContextCustomizer@0, org.springframework.boot.test.autoconfigure.properties.PropertyMappingContextCustomizer@0, org.springframework.boot.test.autoconfigure.web.servlet.WebDriverContextCustomizerFactory$Customizer@7978f217], contextLoader = 'org.springframework.test.context.support.DelegatingSmartContextLoader', parent = [null]]], class annotated with @DirtiesContext [false] with mode [null], method annotated with @DirtiesContext [false] with mode [null].
16:16:50.498 [Test worker] DEBUG org.springframework.test.annotation.ProfileValueUtils - Retrieved @ProfileValueSourceConfiguration [null] for test class [se1app.applicationcore.customercomponent.ReservationRepositoryTest]
16:16:50.498 [Test worker] DEBUG org.springframework.test.annotation.ProfileValueUtils - Retrieved ProfileValueSource type [class org.springframework.test.annotation.SystemProfileValueSource] for class [se1app.applicationcore.customercomponent.ReservationRepositoryTest]
16:16:50.498 [Test worker] DEBUG org.springframework.test.context.support.DependencyInjectionTestExecutionListener - Performing dependency injection for test context [[DefaultTestContext@3140746e testClass = ReservationRepositoryTest, testInstance = se1app.applicationcore.customercomponent.ReservationRepositoryTest@34b5ed3e, testMethod = [null], testException = [null], mergedContextConfiguration = [MergedContextConfiguration@3668d869 testClass = ReservationRepositoryTest, locations = '{}', classes = '{class se1app.applicationcore.Application}', contextInitializerClasses = '[]', activeProfiles = '{test}', propertySourceLocations = '{}', propertySourceProperties = '{}', contextCustomizers = set[org.springframework.boot.test.context.filter.ExcludeFilterContextCustomizer@7025e8d4, org.springframework.boot.test.json.DuplicateJsonObjectContextCustomizerFactory$DuplicateJsonObjectContextCustomizer@108f7ba3, org.springframework.boot.test.mock.mockito.MockitoContextCustomizer@0, org.springframework.boot.test.autoconfigure.properties.PropertyMappingContextCustomizer@0, org.springframework.boot.test.autoconfigure.web.servlet.WebDriverContextCustomizerFactory$Customizer@7978f217], contextLoader = 'org.springframework.test.context.support.DelegatingSmartContextLoader', parent = [null]]]].
16:16:50.498 [Test worker] DEBUG org.springframework.test.context.cache.DefaultCacheAwareContextLoaderDelegate - Retrieved ApplicationContext from cache with key [[MergedContextConfiguration@3668d869 testClass = ReservationRepositoryTest, locations = '{}', classes = '{class se1app.applicationcore.Application}', contextInitializerClasses = '[]', activeProfiles = '{test}', propertySourceLocations = '{}', propertySourceProperties = '{}', contextCustomizers = set[org.springframework.boot.test.context.filter.ExcludeFilterContextCustomizer@7025e8d4, org.springframework.boot.test.json.DuplicateJsonObjectContextCustomizerFactory$DuplicateJsonObjectContextCustomizer@108f7ba3, org.springframework.boot.test.mock.mockito.MockitoContextCustomizer@0, org.springframework.boot.test.autoconfigure.properties.PropertyMappingContextCustomizer@0, org.springframework.boot.test.autoconfigure.web.servlet.WebDriverContextCustomizerFactory$Customizer@7978f217], contextLoader = 'org.springframework.test.context.support.DelegatingSmartContextLoader', parent = [null]]]
16:16:50.498 [Test worker] DEBUG org.springframework.test.context.cache - Spring test ApplicationContext cache statistics: [DefaultContextCache@51ac02c size = 2, maxSize = 32, parentContextCount = 0, hitCount = 83, missCount = 2]
16:16:50.498 [Test worker] DEBUG org.springframework.beans.factory.annotation.InjectionMetadata - Processing injected element of bean 'se1app.applicationcore.customercomponent.ReservationRepositoryTest': AutowiredFieldElement for private se1app.applicationcore.customercomponent.ReservationRepository se1app.applicationcore.customercomponent.ReservationRepositoryTest.reservationRepository
16:16:50.498 [Test worker] DEBUG org.springframework.beans.factory.support.DefaultListableBeanFactory - Returning cached instance of singleton bean 'reservationRepository'
16:16:50.498 [Test worker] DEBUG org.springframework.beans.factory.annotation.InjectionMetadata - Processing injected element of bean 'se1app.applicationcore.customercomponent.ReservationRepositoryTest': AutowiredFieldElement for private se1app.applicationcore.customercomponent.CustomerRepository se1app.applicationcore.customercomponent.ReservationRepositoryTest.customerRepository
16:16:50.498 [Test worker] DEBUG org.springframework.beans.factory.support.DefaultListableBeanFactory - Returning cached instance of singleton bean 'customerRepository'
16:16:50.498 [Test worker] DEBUG org.springframework.beans.factory.support.DefaultListableBeanFactory - Returning cached instance of singleton bean 'org.springframework.transaction.config.internalTransactionAdvisor'
16:16:50.498 [Test worker] DEBUG org.springframework.beans.factory.support.DefaultListableBeanFactory - Returning cached instance of singleton bean 'org.springframework.transaction.config.internalTransactionAdvisor'
16:16:50.498 [Test worker] DEBUG org.springframework.aop.aspectj.annotation.AnnotationAwareAspectJAutoProxyCreator - Creating implicit proxy for bean 'se1app.applicationcore.customercomponent.ReservationRepositoryTest' with 0 common interceptors and 1 specific interceptors
16:16:50.498 [Test worker] DEBUG org.springframework.aop.framework.CglibAopProxy - Creating CGLIB proxy: target source is SingletonTargetSource for target object [se1app.applicationcore.customercomponent.ReservationRepositoryTest@34b5ed3e]
16:16:50.498 [Test worker] DEBUG org.springframework.test.context.support.AbstractDirtiesContextTestExecutionListener - Before test method: context [DefaultTestContext@3140746e testClass = ReservationRepositoryTest, testInstance = se1app.applicationcore.customercomponent.ReservationRepositoryTest@34b5ed3e, testMethod = testFindReservationsByCustomer@ReservationRepositoryTest, testException = [null], mergedContextConfiguration = [MergedContextConfiguration@3668d869 testClass = ReservationRepositoryTest, locations = '{}', classes = '{class se1app.applicationcore.Application}', contextInitializerClasses = '[]', activeProfiles = '{test}', propertySourceLocations = '{}', propertySourceProperties = '{}', contextCustomizers = set[org.springframework.boot.test.context.filter.ExcludeFilterContextCustomizer@7025e8d4, org.springframework.boot.test.json.DuplicateJsonObjectContextCustomizerFactory$DuplicateJsonObjectContextCustomizer@108f7ba3, org.springframework.boot.test.mock.mockito.MockitoContextCustomizer@0, org.springframework.boot.test.autoconfigure.properties.PropertyMappingContextCustomizer@0, org.springframework.boot.test.autoconfigure.web.servlet.WebDriverContextCustomizerFactory$Customizer@7978f217], contextLoader = 'org.springframework.test.context.support.DelegatingSmartContextLoader', parent = [null]]], class annotated with @DirtiesContext [false] with mode [null], method annotated with @DirtiesContext [false] with mode [null].
16:16:50.498 [Test worker] DEBUG org.springframework.transaction.annotation.AnnotationTransactionAttributeSource - Adding transactional method 'se1app.applicationcore.customercomponent.ReservationRepositoryTest.testFindReservationsByCustomer' with attribute: PROPAGATION_REQUIRED,ISOLATION_DEFAULT; ''
16:16:50.498 [Test worker] DEBUG org.springframework.test.context.transaction.TransactionalTestExecutionListener - Explicit transaction definition [PROPAGATION_REQUIRED,ISOLATION_DEFAULT; ''] found for test context [DefaultTestContext@3140746e testClass = ReservationRepositoryTest, testInstance = se1app.applicationcore.customercomponent.ReservationRepositoryTest@34b5ed3e, testMethod = testFindReservationsByCustomer@ReservationRepositoryTest, testException = [null], mergedContextConfiguration = [MergedContextConfiguration@3668d869 testClass = ReservationRepositoryTest, locations = '{}', classes = '{class se1app.applicationcore.Application}', contextInitializerClasses = '[]', activeProfiles = '{test}', propertySourceLocations = '{}', propertySourceProperties = '{}', contextCustomizers = set[org.springframework.boot.test.context.filter.ExcludeFilterContextCustomizer@7025e8d4, org.springframework.boot.test.json.DuplicateJsonObjectContextCustomizerFactory$DuplicateJsonObjectContextCustomizer@108f7ba3, org.springframework.boot.test.mock.mockito.MockitoContextCustomizer@0, org.springframework.boot.test.autoconfigure.properties.PropertyMappingContextCustomizer@0, org.springframework.boot.test.autoconfigure.web.servlet.WebDriverContextCustomizerFactory$Customizer@7978f217], contextLoader = 'org.springframework.test.context.support.DelegatingSmartContextLoader', parent = [null]]]
16:16:50.498 [Test worker] DEBUG org.springframework.test.context.cache.DefaultCacheAwareContextLoaderDelegate - Retrieved ApplicationContext from cache with key [[MergedContextConfiguration@3668d869 testClass = ReservationRepositoryTest, locations = '{}', classes = '{class se1app.applicationcore.Application}', contextInitializerClasses = '[]', activeProfiles = '{test}', propertySourceLocations = '{}', propertySourceProperties = '{}', contextCustomizers = set[org.springframework.boot.test.context.filter.ExcludeFilterContextCustomizer@7025e8d4, org.springframework.boot.test.json.DuplicateJsonObjectContextCustomizerFactory$DuplicateJsonObjectContextCustomizer@108f7ba3, org.springframework.boot.test.mock.mockito.MockitoContextCustomizer@0, org.springframework.boot.test.autoconfigure.properties.PropertyMappingContextCustomizer@0, org.springframework.boot.test.autoconfigure.web.servlet.WebDriverContextCustomizerFactory$Customizer@7978f217], contextLoader = 'org.springframework.test.context.support.DelegatingSmartContextLoader', parent = [null]]]
16:16:50.498 [Test worker] DEBUG org.springframework.test.context.cache - Spring test ApplicationContext cache statistics: [DefaultContextCache@51ac02c size = 2, maxSize = 32, parentContextCount = 0, hitCount = 84, missCount = 2]
16:16:50.498 [Test worker] DEBUG org.springframework.beans.factory.support.DefaultListableBeanFactory - Returning cached instance of singleton bean 'transactionManager'
16:16:50.498 [Test worker] DEBUG org.springframework.test.context.transaction.TransactionalTestExecutionListener - No method-level @Rollback override: using default rollback [true] for test context [DefaultTestContext@3140746e testClass = ReservationRepositoryTest, testInstance = se1app.applicationcore.customercomponent.ReservationRepositoryTest@34b5ed3e, testMethod = testFindReservationsByCustomer@ReservationRepositoryTest, testException = [null], mergedContextConfiguration = [MergedContextConfiguration@3668d869 testClass = ReservationRepositoryTest, locations = '{}', classes = '{class se1app.applicationcore.Application}', contextInitializerClasses = '[]', activeProfiles = '{test}', propertySourceLocations = '{}', propertySourceProperties = '{}', contextCustomizers = set[org.springframework.boot.test.context.filter.ExcludeFilterContextCustomizer@7025e8d4, org.springframework.boot.test.json.DuplicateJsonObjectContextCustomizerFactory$DuplicateJsonObjectContextCustomizer@108f7ba3, org.springframework.boot.test.mock.mockito.MockitoContextCustomizer@0, org.springframework.boot.test.autoconfigure.properties.PropertyMappingContextCustomizer@0, org.springframework.boot.test.autoconfigure.web.servlet.WebDriverContextCustomizerFactory$Customizer@7978f217], contextLoader = 'org.springframework.test.context.support.DelegatingSmartContextLoader', parent = [null]]].
16:16:50.498 [Test worker] DEBUG org.springframework.orm.jpa.JpaTransactionManager - Creating new transaction with name [se1app.applicationcore.customercomponent.ReservationRepositoryTest.testFindReservationsByCustomer]: PROPAGATION_REQUIRED,ISOLATION_DEFAULT; ''
16:16:50.498 [Test worker] DEBUG org.springframework.orm.jpa.JpaTransactionManager - Opened new EntityManager [org.hibernate.jpa.internal.EntityManagerImpl@5980173e] for JPA transaction
16:16:50.498 [Test worker] DEBUG org.hibernate.engine.transaction.internal.TransactionImpl - begin
16:16:50.498 [Test worker] DEBUG org.springframework.orm.jpa.JpaTransactionManager - Exposing JPA transaction as JDBC transaction [org.springframework.orm.jpa.vendor.HibernateJpaDialect$HibernateConnectionHandle@7deefb64]
16:16:50.498 [Test worker] INFO org.springframework.test.context.transaction.TransactionContext - Began transaction (1) for test context [DefaultTestContext@3140746e testClass = ReservationRepositoryTest, testInstance = se1app.applicationcore.customercomponent.ReservationRepositoryTest@34b5ed3e, testMethod = testFindReservationsByCustomer@ReservationRepositoryTest, testException = [null], mergedContextConfiguration = [MergedContextConfiguration@3668d869 testClass = ReservationRepositoryTest, locations = '{}', classes = '{class se1app.applicationcore.Application}', contextInitializerClasses = '[]', activeProfiles = '{test}', propertySourceLocations = '{}', propertySourceProperties = '{}', contextCustomizers = set[org.springframework.boot.test.context.filter.ExcludeFilterContextCustomizer@7025e8d4, org.springframework.boot.test.json.DuplicateJsonObjectContextCustomizerFactory$DuplicateJsonObjectContextCustomizer@108f7ba3, org.springframework.boot.test.mock.mockito.MockitoContextCustomizer@0, org.springframework.boot.test.autoconfigure.properties.PropertyMappingContextCustomizer@0, org.springframework.boot.test.autoconfigure.web.servlet.WebDriverContextCustomizerFactory$Customizer@7978f217], contextLoader = 'org.springframework.test.context.support.DelegatingSmartContextLoader', parent = [null]]]; transaction manager [org.springframework.orm.jpa.JpaTransactionManager@45a9deb7]; rollback [true]
16:16:50.498 [Test worker] DEBUG org.springframework.test.context.cache.DefaultCacheAwareContextLoaderDelegate - Retrieved ApplicationContext from cache with key [[MergedContextConfiguration@3668d869 testClass = ReservationRepositoryTest, locations = '{}', classes = '{class se1app.applicationcore.Application}', contextInitializerClasses = '[]', activeProfiles = '{test}', propertySourceLocations = '{}', propertySourceProperties = '{}', contextCustomizers = set[org.springframework.boot.test.context.filter.ExcludeFilterContextCustomizer@7025e8d4, org.springframework.boot.test.json.DuplicateJsonObjectContextCustomizerFactory$DuplicateJsonObjectContextCustomizer@108f7ba3, org.springframework.boot.test.mock.mockito.MockitoContextCustomizer@0, org.springframework.boot.test.autoconfigure.properties.PropertyMappingContextCustomizer@0, org.springframework.boot.test.autoconfigure.web.servlet.WebDriverContextCustomizerFactory$Customizer@7978f217], contextLoader = 'org.springframework.test.context.support.DelegatingSmartContextLoader', parent = [null]]]
16:16:50.498 [Test worker] DEBUG org.springframework.test.context.cache - Spring test ApplicationContext cache statistics: [DefaultContextCache@51ac02c size = 2, maxSize = 32, parentContextCount = 0, hitCount = 85, missCount = 2]
16:16:50.498 [Test worker] DEBUG org.springframework.beans.factory.support.DefaultListableBeanFactory - Returning cached instance of singleton bean 'org.springframework.boot.test.mock.mockito.MockitoBeans'
16:16:50.498 [Test worker] DEBUG org.springframework.orm.jpa.JpaTransactionManager - Found thread-bound EntityManager [org.hibernate.jpa.internal.EntityManagerImpl@5980173e] for JPA transaction
16:16:50.498 [Test worker] DEBUG org.springframework.orm.jpa.JpaTransactionManager - Participating in existing transaction
16:16:50.498 [Test worker] DEBUG org.hibernate.engine.spi.ActionQueue - Executing identity-insert immediately
16:16:50.498 [Test worker] DEBUG org.hibernate.SQL - insert into customer (id, email, name) values (null, ?, ?)
16:16:50.498 [Test worker] DEBUG org.hibernate.id.IdentifierGeneratorHelper - Natively generated identity: 14
16:16:50.498 [Test worker] DEBUG org.hibernate.resource.jdbc.internal.ResourceRegistryStandardImpl - HHH000387: ResultSet's statement was not registered
16:16:50.498 [Test worker] DEBUG org.hibernate.engine.spi.ActionQueue - Executing identity-insert immediately
16:16:50.498 [Test worker] DEBUG org.hibernate.SQL - insert into movie (id, number_of_reservations, title) values (null, ?, ?)
16:16:50.498 [Test worker] DEBUG org.hibernate.id.IdentifierGeneratorHelper - Natively generated identity: 13
16:16:50.498 [Test worker] DEBUG org.hibernate.resource.jdbc.internal.ResourceRegistryStandardImpl - HHH000387: ResultSet's statement was not registered
16:16:50.498 [Test worker] DEBUG org.hibernate.engine.spi.ActionQueue - Executing identity-insert immediately
16:16:50.498 [Test worker] DEBUG org.hibernate.SQL - insert into reservation (id, customer_id, movie_id) values (null, ?, ?)
16:16:50.498 [Test worker] DEBUG org.hibernate.id.IdentifierGeneratorHelper - Natively generated identity: 16
16:16:50.498 [Test worker] DEBUG org.hibernate.resource.jdbc.internal.ResourceRegistryStandardImpl - HHH000387: ResultSet's statement was not registered
16:16:50.498 [Test worker] DEBUG org.springframework.orm.jpa.JpaTransactionManager - Found thread-bound EntityManager [org.hibernate.jpa.internal.EntityManagerImpl@5980173e] for JPA transaction
16:16:50.498 [Test worker] DEBUG org.springframework.orm.jpa.JpaTransactionManager - Participating in existing transaction
16:16:50.498 [Test worker] DEBUG org.hibernate.engine.spi.ActionQueue - Executing identity-insert immediately
16:16:50.498 [Test worker] DEBUG org.hibernate.SQL - insert into customer (id, email, name) values (null, ?, ?)
16:16:50.498 [Test worker] DEBUG org.hibernate.id.IdentifierGeneratorHelper - Natively generated identity: 15
16:16:50.498 [Test worker] DEBUG org.hibernate.resource.jdbc.internal.ResourceRegistryStandardImpl - HHH000387: ResultSet's statement was not registered
16:16:50.514 [Test worker] DEBUG org.hibernate.engine.spi.ActionQueue - Executing identity-insert immediately
16:16:50.514 [Test worker] DEBUG org.hibernate.SQL - insert into reservation (id, customer_id, movie_id) values (null, ?, ?)
16:16:50.514 [Test worker] DEBUG org.hibernate.id.IdentifierGeneratorHelper - Natively generated identity: 17
16:16:50.514 [Test worker] DEBUG org.hibernate.resource.jdbc.internal.ResourceRegistryStandardImpl - HHH000387: ResultSet's statement was not registered
16:16:50.514 [Test worker] DEBUG org.hibernate.jpa.criteria.CriteriaQueryImpl - Rendered criteria query -> select generatedAlias0 from Customer as generatedAlias0 where generatedAlias0.name=:param0
16:16:50.514 [Test worker] DEBUG org.hibernate.event.internal.AbstractFlushingEventListener - Processing flush-time cascades
16:16:50.514 [Test worker] DEBUG org.hibernate.event.internal.AbstractFlushingEventListener - Dirty checking collections
16:16:50.514 [Test worker] DEBUG org.hibernate.engine.internal.Collections - Collection found: [se1app.applicationcore.customercomponent.Customer.reservations#14], was: [<unreferenced>] (initialized)
16:16:50.514 [Test worker] DEBUG org.hibernate.engine.internal.Collections - Collection found: [se1app.applicationcore.customercomponent.Customer.reservations#15], was: [<unreferenced>] (initialized)
16:16:50.514 [Test worker] DEBUG org.hibernate.event.internal.AbstractFlushingEventListener - Flushed: 0 insertions, 0 updates, 0 deletions to 5 objects
16:16:50.514 [Test worker] DEBUG org.hibernate.event.internal.AbstractFlushingEventListener - Flushed: 2 (re)creations, 0 updates, 0 removals to 2 collections
16:16:50.514 [Test worker] DEBUG org.hibernate.internal.util.EntityPrinter - Listing entities:
16:16:50.514 [Test worker] DEBUG org.hibernate.internal.util.EntityPrinter - se1app.applicationcore.moviecomponent.Movie{numberOfReservations=0, id=13, title=Spectre}
16:16:50.514 [Test worker] DEBUG org.hibernate.internal.util.EntityPrinter - se1app.applicationcore.customercomponent.Customer{reservations=[se1app.applicationcore.customercomponent.Reservation#16], name=Stefan, id=14, email=null}
16:16:50.514 [Test worker] DEBUG org.hibernate.internal.util.EntityPrinter - se1app.applicationcore.customercomponent.Customer{reservations=[se1app.applicationcore.customercomponent.Reservation#17], name=Ina, id=15, email=null}
16:16:50.514 [Test worker] DEBUG org.hibernate.internal.util.EntityPrinter - se1app.applicationcore.customercomponent.Reservation{movie=se1app.applicationcore.moviecomponent.Movie#13, id=16, customer=se1app.applicationcore.customercomponent.Customer#14}
16:16:50.514 [Test worker] DEBUG org.hibernate.internal.util.EntityPrinter - se1app.applicationcore.customercomponent.Reservation{movie=se1app.applicationcore.moviecomponent.Movie#13, id=17, customer=se1app.applicationcore.customercomponent.Customer#15}
16:16:50.514 [Test worker] DEBUG org.hibernate.SQL - select customer0_.id as id1_2_, customer0_.email as email2_2_, customer0_.name as name3_2_ from customer customer0_ where customer0_.name=?
16:16:50.514 [Test worker] DEBUG org.hibernate.loader.Loader - Result set row: 0
16:16:50.514 [Test worker] DEBUG org.hibernate.loader.Loader - Result row: EntityKey[se1app.applicationcore.customercomponent.Customer#14]
16:16:50.514 [Test worker] DEBUG org.hibernate.jpa.criteria.CriteriaQueryImpl - Rendered criteria query -> select generatedAlias0 from Reservation as generatedAlias0 left join generatedAlias0.customer as generatedAlias1 where generatedAlias1=:param0
16:16:50.514 [Test worker] DEBUG org.hibernate.hql.internal.ast.QueryTranslatorImpl - parse() - HQL: select generatedAlias0 from se1app.applicationcore.customercomponent.Reservation as generatedAlias0 left join generatedAlias0.customer as generatedAlias1 where generatedAlias1=:param0
16:16:50.514 [Test worker] DEBUG org.hibernate.hql.internal.ast.QueryTranslatorImpl - --- HQL AST ---
 \-[QUERY] Node: 'query'
    +-[SELECT_FROM] Node: 'SELECT_FROM'
    |  +-[FROM] Node: 'from'
    |  |  +-[RANGE] Node: 'RANGE'
    |  |  |  +-[DOT] Node: '.'
    |  |  |  |  +-[DOT] Node: '.'
    |  |  |  |  |  +-[DOT] Node: '.'
    |  |  |  |  |  |  +-[IDENT] Node: 'se1app'
    |  |  |  |  |  |  \-[IDENT] Node: 'applicationcore'
    |  |  |  |  |  \-[IDENT] Node: 'customercomponent'
    |  |  |  |  \-[IDENT] Node: 'Reservation'
    |  |  |  \-[ALIAS] Node: 'generatedAlias0'
    |  |  \-[JOIN] Node: 'join'
    |  |     +-[LEFT] Node: 'left'
    |  |     +-[DOT] Node: '.'
    |  |     |  +-[IDENT] Node: 'generatedAlias0'
    |  |     |  \-[IDENT] Node: 'customer'
    |  |     \-[ALIAS] Node: 'generatedAlias1'
    |  \-[SELECT] Node: 'select'
    |     \-[IDENT] Node: 'generatedAlias0'
    \-[WHERE] Node: 'where'
       \-[EQ] Node: '='
          +-[IDENT] Node: 'generatedAlias1'
          \-[COLON] Node: ':'
             \-[IDENT] Node: 'param0'

16:16:50.514 [Test worker] DEBUG org.hibernate.hql.internal.ast.ErrorCounter - throwQueryException() : no errors
16:16:50.514 [Test worker] DEBUG org.hibernate.hql.internal.antlr.HqlSqlBaseWalker - select << begin [level=1, statement=select]
16:16:50.514 [Test worker] DEBUG org.hibernate.hql.internal.ast.tree.FromElement - FromClause{level=1} : se1app.applicationcore.customercomponent.Reservation (generatedAlias0) -> reservatio0_
16:16:50.514 [Test worker] DEBUG org.hibernate.hql.internal.ast.tree.FromReferenceNode - Resolved : generatedAlias0 -> reservatio0_.id
16:16:50.514 [Test worker] DEBUG org.hibernate.hql.internal.ast.tree.DotNode - getDataType() : customer -> org.hibernate.type.ManyToOneType(se1app.applicationcore.customercomponent.Customer)
16:16:50.514 [Test worker] DEBUG org.hibernate.hql.internal.ast.tree.DotNode - dereferenceEntityJoin() : generating join for customer in se1app.applicationcore.customercomponent.Reservation (generatedAlias1) parent = [ {null} ]
16:16:50.514 [Test worker] DEBUG org.hibernate.hql.internal.ast.tree.FromElement - FromClause{level=1} : se1app.applicationcore.customercomponent.Customer (generatedAlias1) -> customer1_
16:16:50.514 [Test worker] DEBUG org.hibernate.hql.internal.ast.tree.FromClause - addJoinByPathMap() : generatedAlias0.customer -> FromElement{explicit,not a collection join,not a fetch join,fetch non-lazy properties,classAlias=generatedAlias1,role=null,tableName=customer,tableAlias=customer1_,origin=reservation reservatio0_,columns={reservatio0_.customer_id ,className=se1app.applicationcore.customercomponent.Customer}}
16:16:50.514 [Test worker] DEBUG org.hibernate.hql.internal.ast.tree.FromReferenceNode - Resolved : generatedAlias0.customer -> reservatio0_.customer_id
16:16:50.514 [Test worker] DEBUG org.hibernate.hql.internal.ast.HqlSqlWalker - createFromJoinElement() : -- join tree --
 \-[JOIN_FRAGMENT] FromElement: 'customer customer1_' FromElement{explicit,not a collection join,not a fetch join,fetch non-lazy properties,classAlias=generatedAlias1,role=se1app.applicationcore.customercomponent.Reservation.customer,tableName=customer,tableAlias=customer1_,origin=reservation reservatio0_,columns={reservatio0_.customer_id ,className=se1app.applicationcore.customercomponent.Customer}}

16:16:50.514 [Test worker] DEBUG org.hibernate.hql.internal.ast.tree.FromReferenceNode - Resolved : generatedAlias0 -> reservatio0_.id
16:16:50.514 [Test worker] DEBUG org.hibernate.hql.internal.ast.tree.FromReferenceNode - Resolved : generatedAlias1 -> customer1_.id
16:16:50.514 [Test worker] DEBUG org.hibernate.hql.internal.antlr.HqlSqlBaseWalker - select : finishing up [level=1, statement=select]
16:16:50.514 [Test worker] DEBUG org.hibernate.hql.internal.ast.HqlSqlWalker - processQuery() :  ( SELECT ( {select clause} reservatio0_.id ) ( FromClause{level=1} ( reservation reservatio0_ customer customer1_ ) ) ( where ( = customer1_.id ? ) ) )
16:16:50.514 [Test worker] DEBUG org.hibernate.hql.internal.ast.util.JoinProcessor - Using FROM fragment [reservation reservatio0_]
16:16:50.514 [Test worker] DEBUG org.hibernate.hql.internal.ast.util.JoinProcessor - Using FROM fragment [left outer join customer customer1_ on reservatio0_.customer_id=customer1_.id]
16:16:50.514 [Test worker] DEBUG org.hibernate.hql.internal.antlr.HqlSqlBaseWalker - select >> end [level=1, statement=select]
16:16:50.514 [Test worker] DEBUG org.hibernate.hql.internal.ast.QueryTranslatorImpl - --- SQL AST ---
 \-[SELECT] QueryNode: 'SELECT'  querySpaces (reservation,customer)
    +-[SELECT_CLAUSE] SelectClause: '{select clause}'
    |  +-[ALIAS_REF] IdentNode: 'reservatio0_.id as id1_4_' {alias=generatedAlias0, className=se1app.applicationcore.customercomponent.Reservation, tableAlias=reservatio0_}
    |  \-[SQL_TOKEN] SqlFragment: 'reservatio0_.customer_id as customer2_4_, reservatio0_.movie_id as movie_id3_4_'
    +-[FROM] FromClause: 'from' FromClause{level=1, fromElementCounter=2, fromElements=2, fromElementByClassAlias=[generatedAlias0, generatedAlias1], fromElementByTableAlias=[reservatio0_, customer1_], fromElementsByPath=[generatedAlias0.customer], collectionJoinFromElementsByPath=[], impliedElements=[]}
    |  \-[FROM_FRAGMENT] FromElement: 'reservation reservatio0_' FromElement{explicit,not a collection join,not a fetch join,fetch non-lazy properties,classAlias=generatedAlias0,role=null,tableName=reservation,tableAlias=reservatio0_,origin=null,columns={,className=se1app.applicationcore.customercomponent.Reservation}}
    |     \-[JOIN_FRAGMENT] FromElement: 'left outer join customer customer1_ on reservatio0_.customer_id=customer1_.id' FromElement{explicit,not a collection join,not a fetch join,fetch non-lazy properties,classAlias=generatedAlias1,role=se1app.applicationcore.customercomponent.Reservation.customer,tableName=customer,tableAlias=customer1_,origin=reservation reservatio0_,columns={reservatio0_.customer_id ,className=se1app.applicationcore.customercomponent.Customer}}
    \-[WHERE] SqlNode: 'where'
       \-[EQ] BinaryLogicOperatorNode: '='
          +-[ALIAS_REF] IdentNode: 'customer1_.id' {alias=generatedAlias1, className=se1app.applicationcore.customercomponent.Customer, tableAlias=customer1_}
          \-[NAMED_PARAM] ParameterNode: '?' {name=param0, expectedType=org.hibernate.type.ManyToOneType(se1app.applicationcore.customercomponent.Customer)}

16:16:50.514 [Test worker] DEBUG org.hibernate.hql.internal.ast.ErrorCounter - throwQueryException() : no errors
16:16:50.514 [Test worker] DEBUG org.hibernate.hql.internal.ast.QueryTranslatorImpl - HQL: select generatedAlias0 from se1app.applicationcore.customercomponent.Reservation as generatedAlias0 left join generatedAlias0.customer as generatedAlias1 where generatedAlias1=:param0
16:16:50.514 [Test worker] DEBUG org.hibernate.hql.internal.ast.QueryTranslatorImpl - SQL: select reservatio0_.id as id1_4_, reservatio0_.customer_id as customer2_4_, reservatio0_.movie_id as movie_id3_4_ from reservation reservatio0_ left outer join customer customer1_ on reservatio0_.customer_id=customer1_.id where customer1_.id=?
16:16:50.514 [Test worker] DEBUG org.hibernate.hql.internal.ast.ErrorCounter - throwQueryException() : no errors
16:16:50.514 [Test worker] DEBUG org.hibernate.event.internal.AbstractFlushingEventListener - Processing flush-time cascades
16:16:50.514 [Test worker] DEBUG org.hibernate.event.internal.AbstractFlushingEventListener - Dirty checking collections
16:16:50.514 [Test worker] DEBUG org.hibernate.engine.internal.Collections - Collection found: [se1app.applicationcore.customercomponent.Customer.reservations#14], was: [<unreferenced>] (initialized)
16:16:50.514 [Test worker] DEBUG org.hibernate.engine.internal.Collections - Collection found: [se1app.applicationcore.customercomponent.Customer.reservations#15], was: [<unreferenced>] (initialized)
16:16:50.514 [Test worker] DEBUG org.hibernate.event.internal.AbstractFlushingEventListener - Flushed: 0 insertions, 0 updates, 0 deletions to 5 objects
16:16:50.514 [Test worker] DEBUG org.hibernate.event.internal.AbstractFlushingEventListener - Flushed: 2 (re)creations, 0 updates, 0 removals to 2 collections
16:16:50.514 [Test worker] DEBUG org.hibernate.internal.util.EntityPrinter - Listing entities:
16:16:50.514 [Test worker] DEBUG org.hibernate.internal.util.EntityPrinter - se1app.applicationcore.moviecomponent.Movie{numberOfReservations=0, id=13, title=Spectre}
16:16:50.514 [Test worker] DEBUG org.hibernate.internal.util.EntityPrinter - se1app.applicationcore.customercomponent.Customer{reservations=[se1app.applicationcore.customercomponent.Reservation#16], name=Stefan, id=14, email=null}
16:16:50.514 [Test worker] DEBUG org.hibernate.internal.util.EntityPrinter - se1app.applicationcore.customercomponent.Customer{reservations=[se1app.applicationcore.customercomponent.Reservation#17], name=Ina, id=15, email=null}
16:16:50.514 [Test worker] DEBUG org.hibernate.internal.util.EntityPrinter - se1app.applicationcore.customercomponent.Reservation{movie=se1app.applicationcore.moviecomponent.Movie#13, id=16, customer=se1app.applicationcore.customercomponent.Customer#14}
16:16:50.514 [Test worker] DEBUG org.hibernate.internal.util.EntityPrinter - se1app.applicationcore.customercomponent.Reservation{movie=se1app.applicationcore.moviecomponent.Movie#13, id=17, customer=se1app.applicationcore.customercomponent.Customer#15}
16:16:50.514 [Test worker] DEBUG org.hibernate.engine.spi.ActionQueue - Changes must be flushed to space: reservation
16:16:50.514 [Test worker] DEBUG org.hibernate.persister.collection.AbstractCollectionPersister - Inserting collection: [se1app.applicationcore.customercomponent.Customer.reservations#14]
16:16:50.514 [Test worker] DEBUG org.hibernate.SQL - update reservation set customer_id=? where id=?
16:16:50.514 [Test worker] DEBUG org.hibernate.persister.collection.AbstractCollectionPersister - Done inserting collection: 1 rows inserted
16:16:50.514 [Test worker] DEBUG org.hibernate.persister.collection.AbstractCollectionPersister - Inserting collection: [se1app.applicationcore.customercomponent.Customer.reservations#15]
16:16:50.514 [Test worker] DEBUG org.hibernate.SQL - update reservation set customer_id=? where id=?
16:16:50.514 [Test worker] DEBUG org.hibernate.persister.collection.AbstractCollectionPersister - Done inserting collection: 1 rows inserted
16:16:50.529 [Test worker] DEBUG org.hibernate.SQL - select reservatio0_.id as id1_4_, reservatio0_.customer_id as customer2_4_, reservatio0_.movie_id as movie_id3_4_ from reservation reservatio0_ left outer join customer customer1_ on reservatio0_.customer_id=customer1_.id where customer1_.id=?
16:16:50.529 [Test worker] DEBUG org.hibernate.loader.Loader - Result set row: 0
16:16:50.529 [Test worker] DEBUG org.hibernate.loader.Loader - Result row: EntityKey[se1app.applicationcore.customercomponent.Reservation#16]
16:16:50.529 [Test worker] DEBUG org.springframework.test.context.cache.DefaultCacheAwareContextLoaderDelegate - Retrieved ApplicationContext from cache with key [[MergedContextConfiguration@3668d869 testClass = ReservationRepositoryTest, locations = '{}', classes = '{class se1app.applicationcore.Application}', contextInitializerClasses = '[]', activeProfiles = '{test}', propertySourceLocations = '{}', propertySourceProperties = '{}', contextCustomizers = set[org.springframework.boot.test.context.filter.ExcludeFilterContextCustomizer@7025e8d4, org.springframework.boot.test.json.DuplicateJsonObjectContextCustomizerFactory$DuplicateJsonObjectContextCustomizer@108f7ba3, org.springframework.boot.test.mock.mockito.MockitoContextCustomizer@0, org.springframework.boot.test.autoconfigure.properties.PropertyMappingContextCustomizer@0, org.springframework.boot.test.autoconfigure.web.servlet.WebDriverContextCustomizerFactory$Customizer@7978f217], contextLoader = 'org.springframework.test.context.support.DelegatingSmartContextLoader', parent = [null]]]
16:16:50.529 [Test worker] DEBUG org.springframework.test.context.cache - Spring test ApplicationContext cache statistics: [DefaultContextCache@51ac02c size = 2, maxSize = 32, parentContextCount = 0, hitCount = 86, missCount = 2]
16:16:50.529 [Test worker] DEBUG org.springframework.test.context.cache.DefaultCacheAwareContextLoaderDelegate - Retrieved ApplicationContext from cache with key [[MergedContextConfiguration@3668d869 testClass = ReservationRepositoryTest, locations = '{}', classes = '{class se1app.applicationcore.Application}', contextInitializerClasses = '[]', activeProfiles = '{test}', propertySourceLocations = '{}', propertySourceProperties = '{}', contextCustomizers = set[org.springframework.boot.test.context.filter.ExcludeFilterContextCustomizer@7025e8d4, org.springframework.boot.test.json.DuplicateJsonObjectContextCustomizerFactory$DuplicateJsonObjectContextCustomizer@108f7ba3, org.springframework.boot.test.mock.mockito.MockitoContextCustomizer@0, org.springframework.boot.test.autoconfigure.properties.PropertyMappingContextCustomizer@0, org.springframework.boot.test.autoconfigure.web.servlet.WebDriverContextCustomizerFactory$Customizer@7978f217], contextLoader = 'org.springframework.test.context.support.DelegatingSmartContextLoader', parent = [null]]]
16:16:50.529 [Test worker] DEBUG org.springframework.test.context.cache - Spring test ApplicationContext cache statistics: [DefaultContextCache@51ac02c size = 2, maxSize = 32, parentContextCount = 0, hitCount = 87, missCount = 2]
16:16:50.529 [Test worker] DEBUG org.springframework.test.context.cache.DefaultCacheAwareContextLoaderDelegate - Retrieved ApplicationContext from cache with key [[MergedContextConfiguration@3668d869 testClass = ReservationRepositoryTest, locations = '{}', classes = '{class se1app.applicationcore.Application}', contextInitializerClasses = '[]', activeProfiles = '{test}', propertySourceLocations = '{}', propertySourceProperties = '{}', contextCustomizers = set[org.springframework.boot.test.context.filter.ExcludeFilterContextCustomizer@7025e8d4, org.springframework.boot.test.json.DuplicateJsonObjectContextCustomizerFactory$DuplicateJsonObjectContextCustomizer@108f7ba3, org.springframework.boot.test.mock.mockito.MockitoContextCustomizer@0, org.springframework.boot.test.autoconfigure.properties.PropertyMappingContextCustomizer@0, org.springframework.boot.test.autoconfigure.web.servlet.WebDriverContextCustomizerFactory$Customizer@7978f217], contextLoader = 'org.springframework.test.context.support.DelegatingSmartContextLoader', parent = [null]]]
16:16:50.529 [Test worker] DEBUG org.springframework.test.context.cache - Spring test ApplicationContext cache statistics: [DefaultContextCache@51ac02c size = 2, maxSize = 32, parentContextCount = 0, hitCount = 88, missCount = 2]
16:16:50.529 [Test worker] DEBUG org.springframework.beans.factory.support.DefaultListableBeanFactory - Returning cached instance of singleton bean 'org.springframework.boot.test.mock.mockito.MockitoBeans'
16:16:50.529 [Test worker] DEBUG org.springframework.orm.jpa.JpaTransactionManager - Initiating transaction rollback
16:16:50.529 [Test worker] DEBUG org.springframework.orm.jpa.JpaTransactionManager - Rolling back JPA transaction on EntityManager [org.hibernate.jpa.internal.EntityManagerImpl@5980173e]
16:16:50.529 [Test worker] DEBUG org.hibernate.engine.transaction.internal.TransactionImpl - rolling back
16:16:50.529 [Test worker] DEBUG org.springframework.orm.jpa.JpaTransactionManager - Closing JPA EntityManager [org.hibernate.jpa.internal.EntityManagerImpl@5980173e] after transaction
16:16:50.529 [Test worker] DEBUG org.springframework.orm.jpa.EntityManagerFactoryUtils - Closing JPA EntityManager
16:16:50.529 [Test worker] DEBUG org.hibernate.engine.jdbc.internal.JdbcCoordinatorImpl - HHH000420: Closing un-released batch
16:16:50.529 [Test worker] INFO org.springframework.test.context.transaction.TransactionContext - Rolled back transaction for test context [DefaultTestContext@3140746e testClass = ReservationRepositoryTest, testInstance = se1app.applicationcore.customercomponent.ReservationRepositoryTest@34b5ed3e, testMethod = testFindReservationsByCustomer@ReservationRepositoryTest, testException = [null], mergedContextConfiguration = [MergedContextConfiguration@3668d869 testClass = ReservationRepositoryTest, locations = '{}', classes = '{class se1app.applicationcore.Application}', contextInitializerClasses = '[]', activeProfiles = '{test}', propertySourceLocations = '{}', propertySourceProperties = '{}', contextCustomizers = set[org.springframework.boot.test.context.filter.ExcludeFilterContextCustomizer@7025e8d4, org.springframework.boot.test.json.DuplicateJsonObjectContextCustomizerFactory$DuplicateJsonObjectContextCustomizer@108f7ba3, org.springframework.boot.test.mock.mockito.MockitoContextCustomizer@0, org.springframework.boot.test.autoconfigure.properties.PropertyMappingContextCustomizer@0, org.springframework.boot.test.autoconfigure.web.servlet.WebDriverContextCustomizerFactory$Customizer@7978f217], contextLoader = 'org.springframework.test.context.support.DelegatingSmartContextLoader', parent = [null]]].
16:16:50.529 [Test worker] DEBUG org.springframework.test.context.support.AbstractDirtiesContextTestExecutionListener - After test method: context [DefaultTestContext@3140746e testClass = ReservationRepositoryTest, testInstance = se1app.applicationcore.customercomponent.ReservationRepositoryTest@34b5ed3e, testMethod = testFindReservationsByCustomer@ReservationRepositoryTest, testException = [null], mergedContextConfiguration = [MergedContextConfiguration@3668d869 testClass = ReservationRepositoryTest, locations = '{}', classes = '{class se1app.applicationcore.Application}', contextInitializerClasses = '[]', activeProfiles = '{test}', propertySourceLocations = '{}', propertySourceProperties = '{}', contextCustomizers = set[org.springframework.boot.test.context.filter.ExcludeFilterContextCustomizer@7025e8d4, org.springframework.boot.test.json.DuplicateJsonObjectContextCustomizerFactory$DuplicateJsonObjectContextCustomizer@108f7ba3, org.springframework.boot.test.mock.mockito.MockitoContextCustomizer@0, org.springframework.boot.test.autoconfigure.properties.PropertyMappingContextCustomizer@0, org.springframework.boot.test.autoconfigure.web.servlet.WebDriverContextCustomizerFactory$Customizer@7978f217], contextLoader = 'org.springframework.test.context.support.DelegatingSmartContextLoader', parent = [null]]], class annotated with @DirtiesContext [false] with mode [null], method annotated with @DirtiesContext [false] with mode [null].
16:16:50.529 [Test worker] DEBUG org.springframework.test.context.support.AbstractDirtiesContextTestExecutionListener - After test class: context [DefaultTestContext@3140746e testClass = ReservationRepositoryTest, testInstance = [null], testMethod = [null], testException = [null], mergedContextConfiguration = [MergedContextConfiguration@3668d869 testClass = ReservationRepositoryTest, locations = '{}', classes = '{class se1app.applicationcore.Application}', contextInitializerClasses = '[]', activeProfiles = '{test}', propertySourceLocations = '{}', propertySourceProperties = '{}', contextCustomizers = set[org.springframework.boot.test.context.filter.ExcludeFilterContextCustomizer@7025e8d4, org.springframework.boot.test.json.DuplicateJsonObjectContextCustomizerFactory$DuplicateJsonObjectContextCustomizer@108f7ba3, org.springframework.boot.test.mock.mockito.MockitoContextCustomizer@0, org.springframework.boot.test.autoconfigure.properties.PropertyMappingContextCustomizer@0, org.springframework.boot.test.autoconfigure.web.servlet.WebDriverContextCustomizerFactory$Customizer@7978f217], contextLoader = 'org.springframework.test.context.support.DelegatingSmartContextLoader', parent = [null]]], class annotated with @DirtiesContext [false] with mode [null].
]]></system-out>
  <system-err><![CDATA[]]></system-err>
</testsuite>
